2022-08-23 10:22:31.355  INFO 21880 --- [restartedMain] com.tweetapp.UserServiceApplication      : Starting UserServiceApplication using Java 11.0.12 on ctsjava956 with PID 21880 (C:\Users\cogjava796\Downloads\UserService\target\classes started by cogjava796 in C:\Users\cogjava796\Downloads\UserService)
2022-08-23 10:22:31.369  INFO 21880 --- [restartedMain] com.tweetapp.UserServiceApplication      : No active profile set, falling back to 1 default profile: "default"
2022-08-23 10:22:31.516  INFO 21880 --- [restartedMain] .e.DevToolsPropertyDefaultsPostProcessor : Devtools property defaults active! Set 'spring.devtools.add-properties' to 'false' to disable
2022-08-23 10:22:31.516  INFO 21880 --- [restartedMain] .e.DevToolsPropertyDefaultsPostProcessor : For additional web related logging consider setting the 'logging.level.web' property to 'DEBUG'
2022-08-23 10:22:32.868  INFO 21880 --- [restartedMain] .s.d.r.c.RepositoryConfigurationDelegate : Bootstrapping Spring Data JPA repositories in DEFAULT mode.
2022-08-23 10:22:32.966  INFO 21880 --- [restartedMain] .s.d.r.c.RepositoryConfigurationDelegate : Finished Spring Data repository scanning in 82 ms. Found 1 JPA repository interfaces.
2022-08-23 10:22:34.127  INFO 21880 --- [restartedMain] o.s.b.w.embedded.tomcat.TomcatWebServer  : Tomcat initialized with port(s): 8082 (http)
2022-08-23 10:22:34.142  INFO 21880 --- [restartedMain] o.apache.catalina.core.StandardService   : Starting service [Tomcat]
2022-08-23 10:22:34.143  INFO 21880 --- [restartedMain] org.apache.catalina.core.StandardEngine  : Starting Servlet engine: [Apache Tomcat/9.0.65]
2022-08-23 10:22:34.337  INFO 21880 --- [restartedMain] o.a.c.c.C.[Tomcat].[localhost].[/]       : Initializing Spring embedded WebApplicationContext
2022-08-23 10:22:34.339  INFO 21880 --- [restartedMain] w.s.c.ServletWebServerApplicationContext : Root WebApplicationContext: initialization completed in 2821 ms
2022-08-23 10:22:34.589  INFO 21880 --- [restartedMain] o.hibernate.jpa.internal.util.LogHelper  : HHH000204: Processing PersistenceUnitInfo [name: default]
2022-08-23 10:22:34.681  INFO 21880 --- [restartedMain] org.hibernate.Version                    : HHH000412: Hibernate ORM core version 5.6.10.Final
2022-08-23 10:22:34.964  INFO 21880 --- [restartedMain] o.hibernate.annotations.common.Version   : HCANN000001: Hibernate Commons Annotations {5.1.2.Final}
2022-08-23 10:22:35.153  INFO 21880 --- [restartedMain] com.zaxxer.hikari.HikariDataSource       : HikariPool-1 - Starting...
2022-08-23 10:22:35.731  INFO 21880 --- [restartedMain] com.zaxxer.hikari.HikariDataSource       : HikariPool-1 - Start completed.
2022-08-23 10:22:35.767  INFO 21880 --- [restartedMain] org.hibernate.dialect.Dialect            : HHH000400: Using dialect: org.hibernate.dialect.MySQL8Dialect
2022-08-23 10:22:36.859  INFO 21880 --- [restartedMain] o.h.e.t.j.p.i.JtaPlatformInitiator       : HHH000490: Using JtaPlatform implementation: [org.hibernate.engine.transaction.jta.platform.internal.NoJtaPlatform]
2022-08-23 10:22:36.872  INFO 21880 --- [restartedMain] j.LocalContainerEntityManagerFactoryBean : Initialized JPA EntityManagerFactory for persistence unit 'default'
2022-08-23 10:22:37.100  WARN 21880 --- [restartedMain] JpaBaseConfiguration$JpaWebConfiguration : spring.jpa.open-in-view is enabled by default. Therefore, database queries may be performed during view rendering. Explicitly configure spring.jpa.open-in-view to disable this warning
2022-08-23 10:22:37.921  INFO 21880 --- [restartedMain] o.s.s.web.DefaultSecurityFilterChain     : Will secure any request with [org.springframework.security.web.session.DisableEncodeUrlFilter@4fe2a063, org.springframework.security.web.context.request.async.WebAsyncManagerIntegrationFilter@2af60c5d, org.springframework.security.web.context.SecurityContextPersistenceFilter@6318b07c, org.springframework.security.web.header.HeaderWriterFilter@64c6e10e, org.springframework.web.filter.CorsFilter@ef3fd5e, org.springframework.security.web.authentication.logout.LogoutFilter@222b854b, org.springframework.security.web.savedrequest.RequestCacheAwareFilter@324e3e88, org.springframework.security.web.servletapi.SecurityContextHolderAwareRequestFilter@686a3a80, org.springframework.security.web.authentication.AnonymousAuthenticationFilter@7007da2b, org.springframework.security.web.session.SessionManagementFilter@7651a97b, org.springframework.security.web.access.ExceptionTranslationFilter@4b38ea9b, org.springframework.security.web.access.intercept.FilterSecurityInterceptor@6ca2dffb]
2022-08-23 10:22:39.306  INFO 21880 --- [restartedMain] o.s.b.d.a.OptionalLiveReloadServer       : LiveReload server is running on port 35729
2022-08-23 10:22:39.364  INFO 21880 --- [restartedMain] o.s.b.w.embedded.tomcat.TomcatWebServer  : Tomcat started on port(s): 8082 (http) with context path ''
2022-08-23 10:22:39.380  INFO 21880 --- [restartedMain] com.tweetapp.UserServiceApplication      : Started UserServiceApplication in 8.787 seconds (JVM running for 9.936)
2022-08-23 10:23:28.696  INFO 21880 --- [http-nio-8082-exec-1] o.a.c.c.C.[Tomcat].[localhost].[/]       : Initializing Spring DispatcherServlet 'dispatcherServlet'
2022-08-23 10:23:28.699  INFO 21880 --- [http-nio-8082-exec-1] o.s.web.servlet.DispatcherServlet        : Initializing Servlet 'dispatcherServlet'
2022-08-23 10:23:28.701  INFO 21880 --- [http-nio-8082-exec-1] o.s.web.servlet.DispatcherServlet        : Completed initialization in 2 ms
2022-08-23 12:11:46.646  INFO 8908 --- [restartedMain] com.tweetapp.UserServiceApplication      : Starting UserServiceApplication using Java 11.0.12 on ctsjava956 with PID 8908 (C:\Users\cogjava796\Downloads\UserService\target\classes started by cogjava796 in C:\Users\cogjava796\Downloads\UserService)
2022-08-23 12:11:46.649  INFO 8908 --- [restartedMain] com.tweetapp.UserServiceApplication      : No active profile set, falling back to 1 default profile: "default"
2022-08-23 12:11:46.764  INFO 8908 --- [restartedMain] .e.DevToolsPropertyDefaultsPostProcessor : Devtools property defaults active! Set 'spring.devtools.add-properties' to 'false' to disable
2022-08-23 12:11:46.765  INFO 8908 --- [restartedMain] .e.DevToolsPropertyDefaultsPostProcessor : For additional web related logging consider setting the 'logging.level.web' property to 'DEBUG'
2022-08-23 12:11:48.335  INFO 8908 --- [restartedMain] .s.d.r.c.RepositoryConfigurationDelegate : Bootstrapping Spring Data JPA repositories in DEFAULT mode.
2022-08-23 12:11:48.440  INFO 8908 --- [restartedMain] .s.d.r.c.RepositoryConfigurationDelegate : Finished Spring Data repository scanning in 88 ms. Found 1 JPA repository interfaces.
2022-08-23 12:11:49.759  INFO 8908 --- [restartedMain] o.s.b.w.embedded.tomcat.TomcatWebServer  : Tomcat initialized with port(s): 8082 (http)
2022-08-23 12:11:49.780  INFO 8908 --- [restartedMain] o.apache.catalina.core.StandardService   : Starting service [Tomcat]
2022-08-23 12:11:49.781  INFO 8908 --- [restartedMain] org.apache.catalina.core.StandardEngine  : Starting Servlet engine: [Apache Tomcat/9.0.65]
2022-08-23 12:11:50.095  INFO 8908 --- [restartedMain] o.a.c.c.C.[Tomcat].[localhost].[/]       : Initializing Spring embedded WebApplicationContext
2022-08-23 12:11:50.096  INFO 8908 --- [restartedMain] w.s.c.ServletWebServerApplicationContext : Root WebApplicationContext: initialization completed in 3329 ms
2022-08-23 12:11:50.357  INFO 8908 --- [restartedMain] o.hibernate.jpa.internal.util.LogHelper  : HHH000204: Processing PersistenceUnitInfo [name: default]
2022-08-23 12:11:50.455  INFO 8908 --- [restartedMain] org.hibernate.Version                    : HHH000412: Hibernate ORM core version 5.6.10.Final
2022-08-23 12:11:50.750  INFO 8908 --- [restartedMain] o.hibernate.annotations.common.Version   : HCANN000001: Hibernate Commons Annotations {5.1.2.Final}
2022-08-23 12:11:50.954  INFO 8908 --- [restartedMain] com.zaxxer.hikari.HikariDataSource       : HikariPool-1 - Starting...
2022-08-23 12:11:51.535  INFO 8908 --- [restartedMain] com.zaxxer.hikari.HikariDataSource       : HikariPool-1 - Start completed.
2022-08-23 12:11:51.565  INFO 8908 --- [restartedMain] org.hibernate.dialect.Dialect            : HHH000400: Using dialect: org.hibernate.dialect.MySQL8Dialect
2022-08-23 12:11:52.778  INFO 8908 --- [restartedMain] o.h.e.t.j.p.i.JtaPlatformInitiator       : HHH000490: Using JtaPlatform implementation: [org.hibernate.engine.transaction.jta.platform.internal.NoJtaPlatform]
2022-08-23 12:11:52.794  INFO 8908 --- [restartedMain] j.LocalContainerEntityManagerFactoryBean : Initialized JPA EntityManagerFactory for persistence unit 'default'
2022-08-23 12:11:53.023  WARN 8908 --- [restartedMain] JpaBaseConfiguration$JpaWebConfiguration : spring.jpa.open-in-view is enabled by default. Therefore, database queries may be performed during view rendering. Explicitly configure spring.jpa.open-in-view to disable this warning
2022-08-23 12:11:53.860  INFO 8908 --- [restartedMain] o.s.s.web.DefaultSecurityFilterChain     : Will secure any request with [org.springframework.security.web.session.DisableEncodeUrlFilter@672cd5ab, org.springframework.security.web.context.request.async.WebAsyncManagerIntegrationFilter@3118f7d9, org.springframework.security.web.context.SecurityContextPersistenceFilter@6e16ef0d, org.springframework.security.web.header.HeaderWriterFilter@6afff1e, org.springframework.web.filter.CorsFilter@550e735a, org.springframework.security.web.authentication.logout.LogoutFilter@5dd26c94, org.springframework.security.web.savedrequest.RequestCacheAwareFilter@744e2508, org.springframework.security.web.servletapi.SecurityContextHolderAwareRequestFilter@738fcaa9, org.springframework.security.web.authentication.AnonymousAuthenticationFilter@68faa212, org.springframework.security.web.session.SessionManagementFilter@6dafdaa0, org.springframework.security.web.access.ExceptionTranslationFilter@22ab66fa, org.springframework.security.web.access.intercept.FilterSecurityInterceptor@59535d77]
2022-08-23 12:11:55.398  INFO 8908 --- [restartedMain] o.s.b.d.a.OptionalLiveReloadServer       : LiveReload server is running on port 35729
2022-08-23 12:11:55.464  INFO 8908 --- [restartedMain] o.s.b.w.embedded.tomcat.TomcatWebServer  : Tomcat started on port(s): 8082 (http) with context path ''
2022-08-23 12:11:55.488  INFO 8908 --- [restartedMain] com.tweetapp.UserServiceApplication      : Started UserServiceApplication in 9.802 seconds (JVM running for 11.02)
2022-08-23 12:12:08.077  INFO 8908 --- [http-nio-8082-exec-1] o.a.c.c.C.[Tomcat].[localhost].[/]       : Initializing Spring DispatcherServlet 'dispatcherServlet'
2022-08-23 12:12:08.079  INFO 8908 --- [http-nio-8082-exec-1] o.s.web.servlet.DispatcherServlet        : Initializing Servlet 'dispatcherServlet'
2022-08-23 12:12:08.081  INFO 8908 --- [http-nio-8082-exec-1] o.s.web.servlet.DispatcherServlet        : Completed initialization in 1 ms
2022-08-23 13:06:32.374  INFO 19756 --- [restartedMain] com.tweetapp.UserServiceApplication      : Starting UserServiceApplication using Java 11.0.12 on ctsjava956 with PID 19756 (C:\Users\cogjava796\Downloads\UserService\target\classes started by cogjava796 in C:\Users\cogjava796\Downloads\UserService)
2022-08-23 13:06:32.377  INFO 19756 --- [restartedMain] com.tweetapp.UserServiceApplication      : No active profile set, falling back to 1 default profile: "default"
2022-08-23 13:06:32.483  INFO 19756 --- [restartedMain] .e.DevToolsPropertyDefaultsPostProcessor : Devtools property defaults active! Set 'spring.devtools.add-properties' to 'false' to disable
2022-08-23 13:06:32.484  INFO 19756 --- [restartedMain] .e.DevToolsPropertyDefaultsPostProcessor : For additional web related logging consider setting the 'logging.level.web' property to 'DEBUG'
2022-08-23 13:06:34.176  INFO 19756 --- [restartedMain] .s.d.r.c.RepositoryConfigurationDelegate : Bootstrapping Spring Data JPA repositories in DEFAULT mode.
2022-08-23 13:06:34.344  INFO 19756 --- [restartedMain] .s.d.r.c.RepositoryConfigurationDelegate : Finished Spring Data repository scanning in 143 ms. Found 1 JPA repository interfaces.
2022-08-23 13:06:35.947  INFO 19756 --- [restartedMain] o.s.b.w.embedded.tomcat.TomcatWebServer  : Tomcat initialized with port(s): 8082 (http)
2022-08-23 13:06:35.966  INFO 19756 --- [restartedMain] o.apache.catalina.core.StandardService   : Starting service [Tomcat]
2022-08-23 13:06:35.966  INFO 19756 --- [restartedMain] org.apache.catalina.core.StandardEngine  : Starting Servlet engine: [Apache Tomcat/9.0.65]
2022-08-23 13:06:36.284  INFO 19756 --- [restartedMain] o.a.c.c.C.[Tomcat].[localhost].[/]       : Initializing Spring embedded WebApplicationContext
2022-08-23 13:06:36.285  INFO 19756 --- [restartedMain] w.s.c.ServletWebServerApplicationContext : Root WebApplicationContext: initialization completed in 3799 ms
2022-08-23 13:06:36.618  INFO 19756 --- [restartedMain] o.hibernate.jpa.internal.util.LogHelper  : HHH000204: Processing PersistenceUnitInfo [name: default]
2022-08-23 13:06:36.733  INFO 19756 --- [restartedMain] org.hibernate.Version                    : HHH000412: Hibernate ORM core version 5.6.10.Final
2022-08-23 13:06:37.104  INFO 19756 --- [restartedMain] o.hibernate.annotations.common.Version   : HCANN000001: Hibernate Commons Annotations {5.1.2.Final}
2022-08-23 13:06:37.324  INFO 19756 --- [restartedMain] com.zaxxer.hikari.HikariDataSource       : HikariPool-1 - Starting...
2022-08-23 13:06:37.996  INFO 19756 --- [restartedMain] com.zaxxer.hikari.HikariDataSource       : HikariPool-1 - Start completed.
2022-08-23 13:06:38.028  INFO 19756 --- [restartedMain] org.hibernate.dialect.Dialect            : HHH000400: Using dialect: org.hibernate.dialect.MySQL8Dialect
2022-08-23 13:06:39.245  INFO 19756 --- [restartedMain] o.h.e.t.j.p.i.JtaPlatformInitiator       : HHH000490: Using JtaPlatform implementation: [org.hibernate.engine.transaction.jta.platform.internal.NoJtaPlatform]
2022-08-23 13:06:39.261  INFO 19756 --- [restartedMain] j.LocalContainerEntityManagerFactoryBean : Initialized JPA EntityManagerFactory for persistence unit 'default'
2022-08-23 13:06:39.513  WARN 19756 --- [restartedMain] JpaBaseConfiguration$JpaWebConfiguration : spring.jpa.open-in-view is enabled by default. Therefore, database queries may be performed during view rendering. Explicitly configure spring.jpa.open-in-view to disable this warning
2022-08-23 13:06:40.548  INFO 19756 --- [restartedMain] o.s.s.web.DefaultSecurityFilterChain     : Will secure any request with [org.springframework.security.web.session.DisableEncodeUrlFilter@539f53a3, org.springframework.security.web.context.request.async.WebAsyncManagerIntegrationFilter@70c5dfe5, org.springframework.security.web.context.SecurityContextPersistenceFilter@4aca739a, org.springframework.security.web.header.HeaderWriterFilter@454fd3d8, org.springframework.web.filter.CorsFilter@5af8f4dd, org.springframework.security.web.authentication.logout.LogoutFilter@8146f95, org.springframework.security.web.savedrequest.RequestCacheAwareFilter@7f355f5f, org.springframework.security.web.servletapi.SecurityContextHolderAwareRequestFilter@78849368, org.springframework.security.web.authentication.AnonymousAuthenticationFilter@6ce261fc, org.springframework.security.web.session.SessionManagementFilter@5690c105, org.springframework.security.web.access.ExceptionTranslationFilter@4ede29, org.springframework.security.web.access.intercept.FilterSecurityInterceptor@26b469de]
2022-08-23 13:06:41.995  INFO 19756 --- [restartedMain] o.s.b.d.a.OptionalLiveReloadServer       : LiveReload server is running on port 35729
2022-08-23 13:06:42.068  INFO 19756 --- [restartedMain] o.s.b.w.embedded.tomcat.TomcatWebServer  : Tomcat started on port(s): 8082 (http) with context path ''
2022-08-23 13:06:42.087  INFO 19756 --- [restartedMain] com.tweetapp.UserServiceApplication      : Started UserServiceApplication in 10.747 seconds (JVM running for 12.089)
2022-08-23 13:09:00.404  INFO 19756 --- [http-nio-8082-exec-2] o.a.c.c.C.[Tomcat].[localhost].[/]       : Initializing Spring DispatcherServlet 'dispatcherServlet'
2022-08-23 13:09:00.406  INFO 19756 --- [http-nio-8082-exec-2] o.s.web.servlet.DispatcherServlet        : Initializing Servlet 'dispatcherServlet'
2022-08-23 13:09:00.411  INFO 19756 --- [http-nio-8082-exec-2] o.s.web.servlet.DispatcherServlet        : Completed initialization in 4 ms
2022-08-23 13:11:07.142  WARN 19756 --- [http-nio-8082-exec-10] .m.m.a.ExceptionHandlerExceptionResolver : Resolved [org.springframework.web.HttpRequestMethodNotSupportedException: Request method 'GET' not supported]
2022-08-23 13:11:18.657  WARN 19756 --- [http-nio-8082-exec-2] .m.m.a.ExceptionHandlerExceptionResolver : Resolved [org.springframework.web.HttpRequestMethodNotSupportedException: Request method 'GET' not supported]
2022-08-23 13:11:21.604  WARN 19756 --- [http-nio-8082-exec-3] .m.m.a.ExceptionHandlerExceptionResolver : Resolved [org.springframework.web.HttpRequestMethodNotSupportedException: Request method 'GET' not supported]
2022-08-23 14:50:05.937  INFO 19756 --- [http-nio-8082-exec-5] o.springdoc.api.AbstractOpenApiResource  : Init duration for springdoc-openapi is: 490 ms
2022-08-23 16:42:10.745  INFO 19756 --- [Thread-5] j.LocalContainerEntityManagerFactoryBean : Closing JPA EntityManagerFactory for persistence unit 'default'
2022-08-23 16:42:10.756  INFO 19756 --- [Thread-5] com.zaxxer.hikari.HikariDataSource       : HikariPool-1 - Shutdown initiated...
2022-08-23 16:42:10.775  INFO 19756 --- [Thread-5] com.zaxxer.hikari.HikariDataSource       : HikariPool-1 - Shutdown completed.
2022-08-23 16:42:11.077  INFO 19756 --- [restartedMain] com.tweetapp.UserServiceApplication      : Starting UserServiceApplication using Java 11.0.12 on ctsjava956 with PID 19756 (C:\Users\cogjava796\Downloads\UserService\target\classes started by cogjava796 in C:\Users\cogjava796\Downloads\UserService)
2022-08-23 16:42:11.078  INFO 19756 --- [restartedMain] com.tweetapp.UserServiceApplication      : No active profile set, falling back to 1 default profile: "default"
2022-08-23 16:42:11.620  INFO 19756 --- [restartedMain] .s.d.r.c.RepositoryConfigurationDelegate : Bootstrapping Spring Data JPA repositories in DEFAULT mode.
2022-08-23 16:42:11.650  INFO 19756 --- [restartedMain] .s.d.r.c.RepositoryConfigurationDelegate : Finished Spring Data repository scanning in 29 ms. Found 1 JPA repository interfaces.
2022-08-23 16:42:11.873  INFO 19756 --- [restartedMain] o.s.b.w.embedded.tomcat.TomcatWebServer  : Tomcat initialized with port(s): 8082 (http)
2022-08-23 16:42:11.875  INFO 19756 --- [restartedMain] o.apache.catalina.core.StandardService   : Starting service [Tomcat]
2022-08-23 16:42:11.875  INFO 19756 --- [restartedMain] org.apache.catalina.core.StandardEngine  : Starting Servlet engine: [Apache Tomcat/9.0.65]
2022-08-23 16:42:11.934  INFO 19756 --- [restartedMain] o.a.c.c.C.[Tomcat].[localhost].[/]       : Initializing Spring embedded WebApplicationContext
2022-08-23 16:42:11.934  INFO 19756 --- [restartedMain] w.s.c.ServletWebServerApplicationContext : Root WebApplicationContext: initialization completed in 849 ms
2022-08-23 16:42:11.999  INFO 19756 --- [restartedMain] o.hibernate.jpa.internal.util.LogHelper  : HHH000204: Processing PersistenceUnitInfo [name: default]
2022-08-23 16:42:12.011  INFO 19756 --- [restartedMain] com.zaxxer.hikari.HikariDataSource       : HikariPool-2 - Starting...
2022-08-23 16:42:12.036  INFO 19756 --- [restartedMain] com.zaxxer.hikari.HikariDataSource       : HikariPool-2 - Start completed.
2022-08-23 16:42:12.038  INFO 19756 --- [restartedMain] org.hibernate.dialect.Dialect            : HHH000400: Using dialect: org.hibernate.dialect.MySQL8Dialect
2022-08-23 16:42:12.131  INFO 19756 --- [restartedMain] o.h.e.t.j.p.i.JtaPlatformInitiator       : HHH000490: Using JtaPlatform implementation: [org.hibernate.engine.transaction.jta.platform.internal.NoJtaPlatform]
2022-08-23 16:42:12.132  INFO 19756 --- [restartedMain] j.LocalContainerEntityManagerFactoryBean : Initialized JPA EntityManagerFactory for persistence unit 'default'
2022-08-23 16:42:12.203  WARN 19756 --- [restartedMain] JpaBaseConfiguration$JpaWebConfiguration : spring.jpa.open-in-view is enabled by default. Therefore, database queries may be performed during view rendering. Explicitly configure spring.jpa.open-in-view to disable this warning
2022-08-23 16:42:12.372  INFO 19756 --- [restartedMain] o.s.s.web.DefaultSecurityFilterChain     : Will secure any request with [org.springframework.security.web.session.DisableEncodeUrlFilter@1f4dde13, org.springframework.security.web.context.request.async.WebAsyncManagerIntegrationFilter@896552c, org.springframework.security.web.context.SecurityContextPersistenceFilter@3097b12a, org.springframework.security.web.header.HeaderWriterFilter@46192a29, org.springframework.web.filter.CorsFilter@602bd400, org.springframework.security.web.authentication.logout.LogoutFilter@14b21aab, org.springframework.security.web.savedrequest.RequestCacheAwareFilter@5dfa3d23, org.springframework.security.web.servletapi.SecurityContextHolderAwareRequestFilter@523d0cd7, org.springframework.security.web.authentication.AnonymousAuthenticationFilter@26716e3c, org.springframework.security.web.session.SessionManagementFilter@76463044, org.springframework.security.web.access.ExceptionTranslationFilter@49949281, org.springframework.security.web.access.intercept.FilterSecurityInterceptor@7883293]
2022-08-23 16:42:13.018  INFO 19756 --- [restartedMain] o.s.b.d.a.OptionalLiveReloadServer       : LiveReload server is running on port 35729
2022-08-23 16:42:13.031  INFO 19756 --- [restartedMain] o.s.b.w.embedded.tomcat.TomcatWebServer  : Tomcat started on port(s): 8082 (http) with context path ''
2022-08-23 16:42:13.037  INFO 19756 --- [restartedMain] com.tweetapp.UserServiceApplication      : Started UserServiceApplication in 2.052 seconds (JVM running for 12943.206)
2022-08-23 16:42:13.041  INFO 19756 --- [restartedMain] .ConditionEvaluationDeltaLoggingListener : Condition evaluation unchanged
